<?xml version="1.0" encoding="UTF-8"?>
<!-- Generated by org.testng.reporters.JUnitReportReporter -->
<testsuite hostname="DELL" failures="0" tests="1" name="ui.authonticationpopups" time="10.470" errors="0" timestamp="2024-05-11T10:52:13 IST" skipped="0">
  <testcase classname="ui.authonticationpopups" name="authontication_popups" time="10.470"/>
  <system-out/>
</testsuite> <!-- ui.authonticationpopups -->
