<?xml version="1.0" encoding="UTF-8"?>
<!-- Generated by org.testng.reporters.JUnitReportReporter -->
<testsuite hostname="DELL" failures="0" tests="1" name="ui.fileupload" time="9.010" errors="0" timestamp="2024-05-11T17:17:44 IST" skipped="0">
  <testcase classname="ui.fileupload" name="upload_file" time="9.010"/>
  <system-out/>
</testsuite> <!-- ui.fileupload -->
