<?xml version="1.0" encoding="UTF-8"?>
<!-- Generated by org.testng.reporters.JUnitReportReporter -->
<testsuite hostname="DELL" failures="0" tests="1" name="read_property_file.readproperfile" time="0.043" errors="0" timestamp="2024-05-11T21:59:26 IST" skipped="0">
  <testcase classname="read_property_file.readproperfile" name="read_property_file" time="0.043"/>
  <system-out/>
</testsuite> <!-- read_property_file.readproperfile -->
