<?xml version="1.0" encoding="UTF-8"?>
<!-- Generated by org.testng.reporters.JUnitReportReporter -->
<testsuite hostname="DELL" failures="0" tests="1" name="ui.logintest" time="9.737" errors="0" timestamp="2024-05-11T19:27:38 IST" skipped="0">
  <testcase classname="ui.logintest" name="salse_force" time="9.737"/>
  <system-out/>
</testsuite> <!-- ui.logintest -->
