<?xml version="1.0" encoding="UTF-8"?>
<!-- Generated by org.testng.reporters.JUnitReportReporter -->
<testsuite hostname="DELL" failures="0" tests="1" name="ui.draganddrop2" time="8.878" errors="0" timestamp="2024-05-11T16:25:52 IST" skipped="0">
  <testcase classname="ui.draganddrop2" name="dropdown2" time="8.878"/>
  <system-out/>
</testsuite> <!-- ui.draganddrop2 -->
