<?xml version="1.0" encoding="UTF-8"?>
<!-- Generated by org.testng.reporters.JUnitReportReporter -->
<testsuite hostname="DELL" failures="0" tests="1" name="ui.DROPDOWNWITHOUTSELECTCLASS" time="11.274" errors="0" timestamp="2024-05-11T16:32:01 IST" skipped="0">
  <testcase classname="ui.DROPDOWNWITHOUTSELECTCLASS" name="DROPDOWNWITHOUTSELECT_CLASS" time="11.274"/>
  <system-out/>
</testsuite> <!-- ui.DROPDOWNWITHOUTSELECTCLASS -->
