<?xml version="1.0" encoding="UTF-8"?>
<!-- Generated by org.testng.reporters.JUnitReportReporter -->
<testsuite hostname="DELL" failures="0" tests="1" name="ui.draganddrop" time="7.002" errors="0" timestamp="2024-05-11T11:30:08 IST" skipped="0">
  <testcase classname="ui.draganddrop" name="draganddrop1" time="7.002"/>
  <system-out/>
</testsuite> <!-- ui.draganddrop -->
