<?xml version="1.0" encoding="UTF-8"?>
<!-- Generated by org.testng.reporters.JUnitReportReporter -->
<testsuite hostname="DELL" failures="0" tests="1" name="ui.orangehrm" time="6.828" errors="0" timestamp="2024-05-11T19:32:24 IST" skipped="0">
  <testcase classname="ui.orangehrm" name="hrm_login" time="6.828"/>
  <system-out/>
</testsuite> <!-- ui.orangehrm -->
