<?xml version="1.0" encoding="UTF-8"?>
<!-- Generated by org.testng.reporters.JUnitReportReporter -->
<testsuite hostname="DELL" failures="0" tests="1" name="ui.demo1" time="7.070" errors="0" timestamp="2024-05-11T11:01:55 IST" skipped="0">
  <testcase classname="ui.demo1" name="alerts" time="7.070"/>
  <system-out/>
</testsuite> <!-- ui.demo1 -->
