<?xml version="1.0" encoding="UTF-8"?>
<!-- Generated by org.testng.reporters.JUnitReportReporter -->
<testsuite hostname="DELL" failures="0" tests="1" name="ssl_certification.sslcertificate" time="3.590" errors="0" timestamp="2024-05-11T22:08:39 IST" skipped="0">
  <testcase classname="ssl_certification.sslcertificate" name="sslCertify" time="3.590"/>
  <system-out/>
</testsuite> <!-- ssl_certification.sslcertificate -->
