<?xml version="1.0" encoding="UTF-8"?>
<!-- Generated by org.testng.reporters.JUnitReportReporter -->
<testsuite hostname="DELL" failures="0" tests="1" name="salseforce.logintest" time="15.079" errors="0" timestamp="2024-05-11T22:05:35 IST" skipped="0">
  <testcase classname="salseforce.logintest" name="salse_force" time="15.079"/>
  <system-out/>
</testsuite> <!-- salseforce.logintest -->
