<?xml version="1.0" encoding="UTF-8"?>
<!-- Generated by org.testng.reporters.JUnitReportReporter -->
<testsuite hostname="DELL" failures="0" tests="1" name="ui.javascriptexecuter_2" time="36.000" errors="0" timestamp="2024-05-11T19:03:06 IST" skipped="0">
  <testcase classname="ui.javascriptexecuter_2" name="javascriptexecuter__2" time="36.000"/>
  <system-out/>
</testsuite> <!-- ui.javascriptexecuter_2 -->
