<?xml version="1.0" encoding="UTF-8"?>
<!-- Generated by org.testng.reporters.JUnitReportReporter -->
<testsuite hostname="DELL" failures="0" tests="1" name="ui.dropdownwtoutselect2" time="3.906" errors="0" timestamp="2024-05-11T16:44:46 IST" skipped="0">
  <testcase classname="ui.dropdownwtoutselect2" name="dropdownwtout_select2" time="3.906"/>
  <system-out/>
</testsuite> <!-- ui.dropdownwtoutselect2 -->
