<?xml version="1.0" encoding="UTF-8"?>
<!-- Generated by org.testng.reporters.JUnitReportReporter -->
<testsuite hostname="DELL" failures="0" tests="1" name="ui.fluentwait" time="7.358" errors="0" timestamp="2024-05-11T17:19:13 IST" skipped="0">
  <testcase classname="ui.fluentwait" name="fluentWait" time="7.358"/>
  <system-out/>
</testsuite> <!-- ui.fluentwait -->
