<?xml version="1.0" encoding="UTF-8"?>
<!-- Generated by org.testng.reporters.JUnitReportReporter -->
<testsuite hostname="DELL" failures="0" tests="1" name="take_screen_shot.takescreenshot" time="6.941" errors="0" timestamp="2024-05-11T22:14:52 IST" skipped="0">
  <testcase classname="take_screen_shot.takescreenshot" name="screen_shot" time="6.941"/>
  <system-out/>
</testsuite> <!-- take_screen_shot.takescreenshot -->
