<?xml version="1.0" encoding="UTF-8"?>
<!-- Generated by org.testng.reporters.JUnitReportReporter -->
<testsuite hostname="DELL" failures="0" tests="1" name="drag_and_drop.draganddrop1" time="7.989" errors="0" timestamp="2024-05-12T08:17:48 IST" skipped="0">
  <testcase classname="drag_and_drop.draganddrop1" name="draganddrop1" time="7.989"/>
  <system-out/>
</testsuite> <!-- drag_and_drop.draganddrop1 -->
