<?xml version="1.0" encoding="UTF-8"?>
<!-- Generated by org.testng.reporters.JUnitReportReporter -->
<testsuite hostname="DELL" failures="0" tests="1" name="ui.javascriptexe" time="8.157" errors="0" timestamp="2024-05-11T18:56:36 IST" skipped="0">
  <testcase classname="ui.javascriptexe" name="javascriptexe_1" time="8.157"/>
  <system-out/>
</testsuite> <!-- ui.javascriptexe -->
